Performing C SOURCE FILE Test CMAKE_HAVE_LIBC_PTHREAD failed with the following output:
Change Dir: /home/fed/ros_ws/src/locosim/robot_control/lab_exercises/lab_palopoli/cpp/build/CMakeFiles/CMakeTmp

Run Build Command(s):/usr/bin/make cmTC_fd7cc/fast && /usr/bin/make -f CMakeFiles/cmTC_fd7cc.dir/build.make CMakeFiles/cmTC_fd7cc.dir/build
make[1]: Entering directory '/home/fed/ros_ws/src/locosim/robot_control/lab_exercises/lab_palopoli/cpp/build/CMakeFiles/CMakeTmp'
Building C object CMakeFiles/cmTC_fd7cc.dir/src.c.o
/usr/bin/aarch64-linux-gnu-gcc-8   -DCMAKE_HAVE_LIBC_PTHREAD   -o CMakeFiles/cmTC_fd7cc.dir/src.c.o   -c /home/fed/ros_ws/src/locosim/robot_control/lab_exercises/lab_palopoli/cpp/build/CMakeFiles/CMakeTmp/src.c
Linking C executable cmTC_fd7cc
/usr/bin/cmake -E cmake_link_script CMakeFiles/cmTC_fd7cc.dir/link.txt --verbose=1
/usr/bin/aarch64-linux-gnu-gcc-8  -DCMAKE_HAVE_LIBC_PTHREAD    -rdynamic CMakeFiles/cmTC_fd7cc.dir/src.c.o  -o cmTC_fd7cc 
/usr/bin/ld: CMakeFiles/cmTC_fd7cc.dir/src.c.o: in function `main':
src.c:(.text+0x48): undefined reference to `pthread_create'
/usr/bin/ld: src.c:(.text+0x50): undefined reference to `pthread_detach'
/usr/bin/ld: src.c:(.text+0x5c): undefined reference to `pthread_join'
collect2: error: ld returned 1 exit status
make[1]: *** [CMakeFiles/cmTC_fd7cc.dir/build.make:87: cmTC_fd7cc] Error 1
make[1]: Leaving directory '/home/fed/ros_ws/src/locosim/robot_control/lab_exercises/lab_palopoli/cpp/build/CMakeFiles/CMakeTmp'
make: *** [Makefile:121: cmTC_fd7cc/fast] Error 2


Source file was:
#include <pthread.h>

void* test_func(void* data)
{
  return data;
}

int main(void)
{
  pthread_t thread;
  pthread_create(&thread, NULL, test_func, NULL);
  pthread_detach(thread);
  pthread_join(thread, NULL);
  pthread_atfork(NULL, NULL, NULL);
  pthread_exit(NULL);

  return 0;
}

Determining if the function pthread_create exists in the pthreads failed with the following output:
Change Dir: /home/fed/ros_ws/src/locosim/robot_control/lab_exercises/lab_palopoli/cpp/build/CMakeFiles/CMakeTmp

Run Build Command(s):/usr/bin/make cmTC_314be/fast && /usr/bin/make -f CMakeFiles/cmTC_314be.dir/build.make CMakeFiles/cmTC_314be.dir/build
make[1]: Entering directory '/home/fed/ros_ws/src/locosim/robot_control/lab_exercises/lab_palopoli/cpp/build/CMakeFiles/CMakeTmp'
Building C object CMakeFiles/cmTC_314be.dir/CheckFunctionExists.c.o
/usr/bin/aarch64-linux-gnu-gcc-8   -DCHECK_FUNCTION_EXISTS=pthread_create   -o CMakeFiles/cmTC_314be.dir/CheckFunctionExists.c.o   -c /usr/share/cmake-3.16/Modules/CheckFunctionExists.c
Linking C executable cmTC_314be
/usr/bin/cmake -E cmake_link_script CMakeFiles/cmTC_314be.dir/link.txt --verbose=1
/usr/bin/aarch64-linux-gnu-gcc-8  -DCHECK_FUNCTION_EXISTS=pthread_create    -rdynamic CMakeFiles/cmTC_314be.dir/CheckFunctionExists.c.o  -o cmTC_314be  -lpthreads 
/usr/bin/ld: cannot find -lpthreads
collect2: error: ld returned 1 exit status
make[1]: *** [CMakeFiles/cmTC_314be.dir/build.make:87: cmTC_314be] Error 1
make[1]: Leaving directory '/home/fed/ros_ws/src/locosim/robot_control/lab_exercises/lab_palopoli/cpp/build/CMakeFiles/CMakeTmp'
make: *** [Makefile:121: cmTC_314be/fast] Error 2



